Using pre-set license
Built from '2022.3/staging' branch; Version is '2022.3.47f1 (88c277b85d21) revision 8962679'; Using compiler version '192829333'; Build Type 'Release'
OS: 'Windows 11  (10.0.22631) 64bit Core' Language: 'en' Physical Memory: 16088 MB
BatchMode: 1, IsHumanControllingUs: 0, StartBugReporterOnCrash: 0, Is64bit: 1, IsPro: 1

COMMAND LINE ARGUMENTS:
C:\Program Files\Unity\Hub\Editor\2022.3.47f1\Editor\Unity.exe
-adb2
-batchMode
-noUpm
-name
AssetImportWorker0
-projectPath
C:/Users/rache/Graphics Midterm
-logFile
Logs/AssetImportWorker0.log
-srvPort
61721
Successfully changed project path to: C:/Users/rache/Graphics Midterm
C:/Users/rache/Graphics Midterm
[UnityMemory] Configuration Parameters - Can be set up in boot.config
    "memorysetup-bucket-allocator-granularity=16"
    "memorysetup-bucket-allocator-bucket-count=8"
    "memorysetup-bucket-allocator-block-size=33554432"
    "memorysetup-bucket-allocator-block-count=8"
    "memorysetup-main-allocator-block-size=16777216"
    "memorysetup-thread-allocator-block-size=16777216"
    "memorysetup-gfx-main-allocator-block-size=16777216"
    "memorysetup-gfx-thread-allocator-block-size=16777216"
    "memorysetup-cache-allocator-block-size=4194304"
    "memorysetup-typetree-allocator-block-size=2097152"
    "memorysetup-profiler-bucket-allocator-granularity=16"
    "memorysetup-profiler-bucket-allocator-bucket-count=8"
    "memorysetup-profiler-bucket-allocator-block-size=33554432"
    "memorysetup-profiler-bucket-allocator-block-count=8"
    "memorysetup-profiler-allocator-block-size=16777216"
    "memorysetup-profiler-editor-allocator-block-size=1048576"
    "memorysetup-temp-allocator-size-main=16777216"
    "memorysetup-job-temp-allocator-block-size=2097152"
    "memorysetup-job-temp-allocator-block-size-background=1048576"
    "memorysetup-job-temp-allocator-reduction-small-platforms=262144"
    "memorysetup-allocator-temp-initial-block-size-main=262144"
    "memorysetup-allocator-temp-initial-block-size-worker=262144"
    "memorysetup-temp-allocator-size-background-worker=32768"
    "memorysetup-temp-allocator-size-job-worker=262144"
    "memorysetup-temp-allocator-size-preload-manager=33554432"
    "memorysetup-temp-allocator-size-nav-mesh-worker=65536"
    "memorysetup-temp-allocator-size-audio-worker=65536"
    "memorysetup-temp-allocator-size-cloud-worker=32768"
    "memorysetup-temp-allocator-size-gi-baking-worker=262144"
    "memorysetup-temp-allocator-size-gfx=262144"
Player connection [13784]  Target information:

Player connection [13784]  * "[IP] 10.150.13.131 [Port] 0 [Flags] 2 [Guid] 1328890624 [EditorId] 1328890624 [Version] 1048832 [Id] WindowsEditor(7,MSI) [Debug] 1 [PackageName] WindowsEditor [ProjectName] Editor" 

Player connection [13784] Host joined multi-casting on [225.0.0.222:54997]...
Player connection [13784] Host joined alternative multi-casting on [225.0.0.222:34997]...
[PhysX] Initialized MultithreadedTaskDispatcher with 20 workers.
Refreshing native plugins compatible for Editor in 5.79 ms, found 3 plugins.
Preloading 0 native plugins for Editor in 0.00 ms.
Initialize engine version: 2022.3.47f1 (88c277b85d21)
[Subsystems] Discovering subsystems at path C:/Program Files/Unity/Hub/Editor/2022.3.47f1/Editor/Data/Resources/UnitySubsystems
[Subsystems] Discovering subsystems at path C:/Users/rache/Graphics Midterm/Assets
GfxDevice: creating device client; threaded=0; jobified=0
Direct3D:
    Version:  Direct3D 11.0 [level 11.1]
    Renderer: NVIDIA GeForce RTX 3070 Laptop GPU (ID=0x249d)
    Vendor:   NVIDIA
    VRAM:     8020 MB
    Driver:   32.0.15.6109
Initialize mono
Mono path[0] = 'C:/Program Files/Unity/Hub/Editor/2022.3.47f1/Editor/Data/Managed'
Mono path[1] = 'C:/Program Files/Unity/Hub/Editor/2022.3.47f1/Editor/Data/MonoBleedingEdge/lib/mono/unityjit-win32'
Mono config path = 'C:/Program Files/Unity/Hub/Editor/2022.3.47f1/Editor/Data/MonoBleedingEdge/etc'
Using monoOptions --debugger-agent=transport=dt_socket,embedding=1,server=y,suspend=n,address=127.0.0.1:56840
Begin MonoManager ReloadAssembly
Registering precompiled unity dll's ...
Register platform support module: C:/Program Files/Unity/Hub/Editor/2022.3.47f1/Editor/Data/PlaybackEngines/WindowsStandaloneSupport/UnityEditor.WindowsStandalone.Extensions.dll
Registered in 0.003833 seconds.
- Loaded All Assemblies, in  0.219 seconds
Native extension for WindowsStandalone target not found
Mono: successfully reloaded assembly
- Finished resetting the current domain, in  0.169 seconds
Domain Reload Profiling: 387ms
	BeginReloadAssembly (71ms)
		ExecutionOrderSort (0ms)
		DisableScriptedObjects (0ms)
		BackupInstance (0ms)
		ReleaseScriptingObjects (0ms)
		CreateAndSetChildDomain (0ms)
	RebuildCommonClasses (21ms)
	RebuildNativeTypeToScriptingClass (6ms)
	initialDomainReloadingComplete (36ms)
	LoadAllAssembliesAndSetupDomain (84ms)
		LoadAssemblies (69ms)
		RebuildTransferFunctionScriptingTraits (0ms)
		AnalyzeDomain (83ms)
			TypeCache.Refresh (82ms)
				TypeCache.ScanAssembly (73ms)
			ScanForSourceGeneratedMonoScriptInfo (0ms)
			ResolveRequiredComponents (0ms)
	FinalizeReload (169ms)
		ReleaseScriptCaches (0ms)
		RebuildScriptCaches (0ms)
		SetupLoadedEditorAssemblies (138ms)
			LogAssemblyErrors (0ms)
			InitializePlatformSupportModulesInManaged (6ms)
			SetLoadedEditorAssemblies (5ms)
			RefreshPlugins (0ms)
			BeforeProcessingInitializeOnLoad (1ms)
			ProcessInitializeOnLoadAttributes (95ms)
			ProcessInitializeOnLoadMethodAttributes (31ms)
			AfterProcessingInitializeOnLoad (0ms)
			EditorAssembliesLoaded (0ms)
		ExecutionOrderSort2 (0ms)
		AwakeInstancesAfterBackupRestoration (0ms)
========================================================================
Worker process is ready to serve import requests
Caller must complete domain reload
Begin MonoManager ReloadAssembly
- Loaded All Assemblies, in  0.405 seconds
Native extension for WindowsStandalone target not found
Package Manager log level set to [2]
[Package Manager] Server::EnsureServerProcessIsRunning -- launch failed, reason: Unity was launched with the -noUpm command-line argument
[Package Manager] UpmClient::Send -- Unable to send message (not connected to UPM process).
[Package Manager] Cannot connect to Unity Package Manager local server
Mono: successfully reloaded assembly
- Finished resetting the current domain, in  0.410 seconds
Domain Reload Profiling: 814ms
	BeginReloadAssembly (96ms)
		ExecutionOrderSort (0ms)
		DisableScriptedObjects (3ms)
		BackupInstance (0ms)
		ReleaseScriptingObjects (0ms)
		CreateAndSetChildDomain (15ms)
	RebuildCommonClasses (22ms)
	RebuildNativeTypeToScriptingClass (7ms)
	initialDomainReloadingComplete (27ms)
	LoadAllAssembliesAndSetupDomain (253ms)
		LoadAssemblies (197ms)
		RebuildTransferFunctionScriptingTraits (0ms)
		AnalyzeDomain (111ms)
			TypeCache.Refresh (98ms)
				TypeCache.ScanAssembly (88ms)
			ScanForSourceGeneratedMonoScriptInfo (10ms)
			ResolveRequiredComponents (3ms)
	FinalizeReload (410ms)
		ReleaseScriptCaches (0ms)
		RebuildScriptCaches (0ms)
		SetupLoadedEditorAssemblies (314ms)
			LogAssemblyErrors (0ms)
			InitializePlatformSupportModulesInManaged (4ms)
			SetLoadedEditorAssemblies (2ms)
			RefreshPlugins (0ms)
			BeforeProcessingInitializeOnLoad (38ms)
			ProcessInitializeOnLoadAttributes (248ms)
			ProcessInitializeOnLoadMethodAttributes (17ms)
			AfterProcessingInitializeOnLoad (4ms)
			EditorAssembliesLoaded (0ms)
		ExecutionOrderSort2 (0ms)
		AwakeInstancesAfterBackupRestoration (5ms)
Launched and connected shader compiler UnityShaderCompiler.exe after 0.03 seconds
Refreshing native plugins compatible for Editor in 2.21 ms, found 3 plugins.
Preloading 0 native plugins for Editor in 0.00 ms.
Unloading 3131 Unused Serialized files (Serialized files now loaded: 0)
Unloading 19 unused Assets / (54.9 KB). Loaded Objects now: 3597.
Memory consumption went from 119.6 MB to 119.5 MB.
Total: 2.356000 ms (FindLiveObjects: 0.188800 ms CreateObjectMapping: 0.082100 ms MarkObjects: 2.007400 ms  DeleteObjects: 0.076500 ms)

AssetImportParameters requested are different than current active one (requested -> active):
  custom:container-demuxer-ogg: 62fdf1f143b41e24485cea50d1cbac27 -> 
  custom:video-decoder-ogg-theora: a1e56fd34408186e4bbccfd4996cb3dc -> 
  custom:framework-win-MediaFoundation: 216162199b28c13a410421893ffa2e32 -> 
  custom:CustomObjectIndexerAttribute: 9a22284fe3817be447336de3de66b15e -> 
  custom:container-demuxer-webm: 4f35f7cbe854078d1ac9338744f61a02 -> 
  custom:container-muxer-webm: aa71ff27fc2769a1b78a27578f13a17b -> 
  custom:video-decoder-webm-vp8: 9c59270c3fd7afecdb556c50c9e8de78 -> 
  custom:SearchIndexIgnoredProperties: e643bd26f0fe6173181afceb89e7c659 -> 
  custom:AudioImporter_EditorPlatform: d09bf68614088b80899f8185d706f6e7 -> 
  custom:video-encoder-webm-vp8: eb34c28f22e8b96e1ab97ce403110664 -> 
  custom:audio-decoder-ogg-vorbis: bf7c407c2cedff20999df2af8eb42d56 -> 
  custom:audio-encoder-webm-vorbis: bf7c407c2cedff20999df2af8eb42d56 -> 
========================================================================
Received Import Request.
  Time since last request: 24678.990726 seconds.
  path: Assets
  artifactKey: Guid(00000000000000001000000000000000) Importer(815301076,1909f56bfc062723c751e8b465ee728b)
Start importing Assets using Guid(00000000000000001000000000000000) Importer(815301076,1909f56bfc062723c751e8b465ee728b) [PhysX] Initialized MultithreadedTaskDispatcher with 20 workers.
 -> (artifact id: 'ae5280ad91af67e2a353905758f96678') in 0.003212 seconds
Number of updated asset objects reloaded before import = 0
Number of asset objects unloaded after import = 0
========================================================================
Received Import Request.
  Time since last request: 3.045714 seconds.
  path: Assets/Part 1
  artifactKey: Guid(69a57af5b47aefa4e9a242c6b1fc8248) Importer(815301076,1909f56bfc062723c751e8b465ee728b)
Start importing Assets/Part 1 using Guid(69a57af5b47aefa4e9a242c6b1fc8248) Importer(815301076,1909f56bfc062723c751e8b465ee728b) [PhysX] Initialized MultithreadedTaskDispatcher with 20 workers.
 -> (artifact id: 'bd3adfa53a21815929051ba0c9e8d6a5') in 0.000411 seconds
Number of updated asset objects reloaded before import = 0
Number of asset objects unloaded after import = 0
========================================================================
Received Import Request.
  Time since last request: 14.850987 seconds.
  path: Assets/Part 2
  artifactKey: Guid(7a159e5a356b3384597010877794a99a) Importer(815301076,1909f56bfc062723c751e8b465ee728b)
Start importing Assets/Part 2 using Guid(7a159e5a356b3384597010877794a99a) Importer(815301076,1909f56bfc062723c751e8b465ee728b) [PhysX] Initialized MultithreadedTaskDispatcher with 20 workers.
 -> (artifact id: '8b1f65ff93259e052133f9c2991252e0') in 0.000510 seconds
Number of updated asset objects reloaded before import = 0
Number of asset objects unloaded after import = 0
========================================================================
Received Import Request.
  Time since last request: 9.887279 seconds.
  path: Assets/Part 3
  artifactKey: Guid(31436f9725753bf49a60174e45213d09) Importer(815301076,1909f56bfc062723c751e8b465ee728b)
Start importing Assets/Part 3 using Guid(31436f9725753bf49a60174e45213d09) Importer(815301076,1909f56bfc062723c751e8b465ee728b) [PhysX] Initialized MultithreadedTaskDispatcher with 20 workers.
 -> (artifact id: '2cafa90be729c254d851a0f98d3370f4') in 0.000558 seconds
Number of updated asset objects reloaded before import = 0
Number of asset objects unloaded after import = 0
========================================================================
Received Import Request.
  Time since last request: 10.537157 seconds.
  path: Assets/Part 4
  artifactKey: Guid(042e67d3aebf9db4da632a1ec7ff3a10) Importer(815301076,1909f56bfc062723c751e8b465ee728b)
Start importing Assets/Part 4 using Guid(042e67d3aebf9db4da632a1ec7ff3a10) Importer(815301076,1909f56bfc062723c751e8b465ee728b) [PhysX] Initialized MultithreadedTaskDispatcher with 20 workers.
 -> (artifact id: 'e26dde3abf92001e988e1fd4d48f7afe') in 0.000532 seconds
Number of updated asset objects reloaded before import = 0
Number of asset objects unloaded after import = 0
========================================================================
Received Import Request.
  Time since last request: 127.054350 seconds.
  path: Assets/Part 1/Game texture.mat
  artifactKey: Guid(bfccbe70f5050c641952dcb1d91c050e) Importer(815301076,1909f56bfc062723c751e8b465ee728b)
Start importing Assets/Part 1/Game texture.mat using Guid(bfccbe70f5050c641952dcb1d91c050e) Importer(815301076,1909f56bfc062723c751e8b465ee728b) [PhysX] Initialized MultithreadedTaskDispatcher with 20 workers.
[PhysX] Initialized MultithreadedTaskDispatcher with 20 workers.
 -> (artifact id: '377646246b0d09b3ffda53b5659d6675') in 0.173727 seconds
Number of updated asset objects reloaded before import = 0
Number of asset objects unloaded after import = 1
========================================================================
Received Import Request.
  Time since last request: 16.286151 seconds.
  path: Assets/Part 1/Game.shader
  artifactKey: Guid(b7453311c2f36754ab3fcefe04f2626b) Importer(815301076,1909f56bfc062723c751e8b465ee728b)
Start importing Assets/Part 1/Game.shader using Guid(b7453311c2f36754ab3fcefe04f2626b) Importer(815301076,1909f56bfc062723c751e8b465ee728b) [PhysX] Initialized MultithreadedTaskDispatcher with 20 workers.
 -> (artifact id: '10fd9b037adfd5678b39b878366dc099') in 0.004187 seconds
Number of updated asset objects reloaded before import = 0
Number of asset objects unloaded after import = 1
========================================================================
Received Import Request.
  Time since last request: 387.227183 seconds.
  path: Assets/Part 2/New Material.mat
  artifactKey: Guid(ae494ddf41dcb6448a3b6fa54938be67) Importer(815301076,1909f56bfc062723c751e8b465ee728b)
Start importing Assets/Part 2/New Material.mat using Guid(ae494ddf41dcb6448a3b6fa54938be67) Importer(815301076,1909f56bfc062723c751e8b465ee728b) [PhysX] Initialized MultithreadedTaskDispatcher with 20 workers.
[PhysX] Initialized MultithreadedTaskDispatcher with 20 workers.
 -> (artifact id: '48623b18a2a148179a17bef288b9e87c') in 0.022898 seconds
Number of updated asset objects reloaded before import = 0
Number of asset objects unloaded after import = 1
========================================================================
Received Import Request.
  Time since last request: 21.995300 seconds.
  path: Assets/Part 2/MovingToon.mat
  artifactKey: Guid(ae494ddf41dcb6448a3b6fa54938be67) Importer(815301076,1909f56bfc062723c751e8b465ee728b)
Start importing Assets/Part 2/MovingToon.mat using Guid(ae494ddf41dcb6448a3b6fa54938be67) Importer(815301076,1909f56bfc062723c751e8b465ee728b) [PhysX] Initialized MultithreadedTaskDispatcher with 20 workers.
[PhysX] Initialized MultithreadedTaskDispatcher with 20 workers.
 -> (artifact id: '6ba1b1a29e602ac13b4b0ccdc4d58b87') in 0.027713 seconds
Number of updated asset objects reloaded before import = 0
Number of asset objects unloaded after import = 1
========================================================================
Received Import Request.
  Time since last request: 10.213787 seconds.
  path: Assets/Part 2/MovingToon.shader
  artifactKey: Guid(2630f09630183ee4cafe9635e8f05d83) Importer(815301076,1909f56bfc062723c751e8b465ee728b)
Start importing Assets/Part 2/MovingToon.shader using Guid(2630f09630183ee4cafe9635e8f05d83) Importer(815301076,1909f56bfc062723c751e8b465ee728b) [PhysX] Initialized MultithreadedTaskDispatcher with 20 workers.
 -> (artifact id: '8578e5cd27d46c488752b525b6a6a406') in 0.001529 seconds
Number of updated asset objects reloaded before import = 0
Number of asset objects unloaded after import = 1
========================================================================
Received Import Request.
  Time since last request: 170.469232 seconds.
  path: Assets/Part 2/ToonRamp.png
  artifactKey: Guid(17b88d268a991f24d833a073595e4552) Importer(815301076,1909f56bfc062723c751e8b465ee728b)
Start importing Assets/Part 2/ToonRamp.png using Guid(17b88d268a991f24d833a073595e4552) Importer(815301076,1909f56bfc062723c751e8b465ee728b) [PhysX] Initialized MultithreadedTaskDispatcher with 20 workers.
[PhysX] Initialized MultithreadedTaskDispatcher with 20 workers.
 -> (artifact id: '3869da5396c4a0a9a74fb2077d149739') in 0.027849 seconds
Number of updated asset objects reloaded before import = 0
Number of asset objects unloaded after import = 2
========================================================================
Received Import Request.
  Time since last request: 10.700290 seconds.
  path: Assets/Part 1/Game.shader
  artifactKey: Guid(b7453311c2f36754ab3fcefe04f2626b) Importer(815301076,1909f56bfc062723c751e8b465ee728b)
Start importing Assets/Part 1/Game.shader using Guid(b7453311c2f36754ab3fcefe04f2626b) Importer(815301076,1909f56bfc062723c751e8b465ee728b) [PhysX] Initialized MultithreadedTaskDispatcher with 20 workers.
 -> (artifact id: '0acfb73b1644fec45b3ab220a92ac6f7') in 0.001726 seconds
Number of updated asset objects reloaded before import = 0
Number of asset objects unloaded after import = 1
========================================================================
Received Import Request.
  Time since last request: 296.607668 seconds.
  path: Assets/Part 2/MovingToon.shader
  artifactKey: Guid(2630f09630183ee4cafe9635e8f05d83) Importer(815301076,1909f56bfc062723c751e8b465ee728b)
Start importing Assets/Part 2/MovingToon.shader using Guid(2630f09630183ee4cafe9635e8f05d83) Importer(815301076,1909f56bfc062723c751e8b465ee728b) [PhysX] Initialized MultithreadedTaskDispatcher with 20 workers.
 -> (artifact id: 'b9997f560b5c200ed131257fc689b617') in 0.002006 seconds
Number of updated asset objects reloaded before import = 0
Number of asset objects unloaded after import = 1
========================================================================
Received Import Request.
  Time since last request: 69.263443 seconds.
  path: Assets/Part 2/MovingToon.mat
  artifactKey: Guid(ae494ddf41dcb6448a3b6fa54938be67) Importer(815301076,1909f56bfc062723c751e8b465ee728b)
Start importing Assets/Part 2/MovingToon.mat using Guid(ae494ddf41dcb6448a3b6fa54938be67) Importer(815301076,1909f56bfc062723c751e8b465ee728b) [PhysX] Initialized MultithreadedTaskDispatcher with 20 workers.
[PhysX] Initialized MultithreadedTaskDispatcher with 20 workers.
 -> (artifact id: '3ea7fab1ca0cb778a3177a6aa75e7b08') in 0.057815 seconds
Number of updated asset objects reloaded before import = 0
Number of asset objects unloaded after import = 3
========================================================================
Received Import Request.
  Time since last request: 10.160424 seconds.
  path: Assets/Part 2/MovingToon.mat
  artifactKey: Guid(ae494ddf41dcb6448a3b6fa54938be67) Importer(815301076,1909f56bfc062723c751e8b465ee728b)
Start importing Assets/Part 2/MovingToon.mat using Guid(ae494ddf41dcb6448a3b6fa54938be67) Importer(815301076,1909f56bfc062723c751e8b465ee728b) [PhysX] Initialized MultithreadedTaskDispatcher with 20 workers.
[PhysX] Initialized MultithreadedTaskDispatcher with 20 workers.
 -> (artifact id: 'e334cc079db3bdfbb385c779ecff1bec') in 0.010560 seconds
Number of updated asset objects reloaded before import = 0
Number of asset objects unloaded after import = 3
========================================================================
Received Import Request.
  Time since last request: 20.555823 seconds.
  path: Assets/Part 2/MovingToon.mat
  artifactKey: Guid(ae494ddf41dcb6448a3b6fa54938be67) Importer(815301076,1909f56bfc062723c751e8b465ee728b)
Start importing Assets/Part 2/MovingToon.mat using Guid(ae494ddf41dcb6448a3b6fa54938be67) Importer(815301076,1909f56bfc062723c751e8b465ee728b) [PhysX] Initialized MultithreadedTaskDispatcher with 20 workers.
[PhysX] Initialized MultithreadedTaskDispatcher with 20 workers.
 -> (artifact id: '756106f969ba0ca9c7127d6205b92b97') in 0.144120 seconds
Number of updated asset objects reloaded before import = 0
Number of asset objects unloaded after import = 3
========================================================================
Received Import Request.
  Time since last request: 522.196310 seconds.
  path: Assets/Part 1/Game texture.mat
  artifactKey: Guid(bfccbe70f5050c641952dcb1d91c050e) Importer(815301076,1909f56bfc062723c751e8b465ee728b)
Start importing Assets/Part 1/Game texture.mat using Guid(bfccbe70f5050c641952dcb1d91c050e) Importer(815301076,1909f56bfc062723c751e8b465ee728b) [PhysX] Initialized MultithreadedTaskDispatcher with 20 workers.
[PhysX] Initialized MultithreadedTaskDispatcher with 20 workers.
 -> (artifact id: 'bc59e937eb269de1223019961036dcc5') in 0.094340 seconds
Number of updated asset objects reloaded before import = 0
Number of asset objects unloaded after import = 2
========================================================================
Received Import Request.
  Time since last request: 13.458193 seconds.
  path: Assets/Part 1/Driver.mat
  artifactKey: Guid(3e355f9982c0f334f9ee3f39ea2f27a6) Importer(815301076,1909f56bfc062723c751e8b465ee728b)
Start importing Assets/Part 1/Driver.mat using Guid(3e355f9982c0f334f9ee3f39ea2f27a6) Importer(815301076,1909f56bfc062723c751e8b465ee728b) [PhysX] Initialized MultithreadedTaskDispatcher with 20 workers.
[PhysX] Initialized MultithreadedTaskDispatcher with 20 workers.
 -> (artifact id: '02a6c17076ec407ee1dd3212f4ac9daa') in 0.019100 seconds
Number of updated asset objects reloaded before import = 0
Number of asset objects unloaded after import = 1
========================================================================
Received Import Request.
  Time since last request: 105.402677 seconds.
  path: Assets/Part 3/New Material.mat
  artifactKey: Guid(e11aa27cd09fe1b4e888dcc60d594053) Importer(815301076,1909f56bfc062723c751e8b465ee728b)
Start importing Assets/Part 3/New Material.mat using Guid(e11aa27cd09fe1b4e888dcc60d594053) Importer(815301076,1909f56bfc062723c751e8b465ee728b) [PhysX] Initialized MultithreadedTaskDispatcher with 20 workers.
[PhysX] Initialized MultithreadedTaskDispatcher with 20 workers.
 -> (artifact id: '4e8fe91ee5d28d88a717fd55ecd947d4') in 0.019670 seconds
Number of updated asset objects reloaded before import = 0
Number of asset objects unloaded after import = 1
========================================================================
Received Import Request.
  Time since last request: 4.737178 seconds.
  path: Assets/Part 3/NewSurfaceShader.shader
  artifactKey: Guid(14c86d33784cd774faa27eb1474de961) Importer(815301076,1909f56bfc062723c751e8b465ee728b)
Start importing Assets/Part 3/NewSurfaceShader.shader using Guid(14c86d33784cd774faa27eb1474de961) Importer(815301076,1909f56bfc062723c751e8b465ee728b) [PhysX] Initialized MultithreadedTaskDispatcher with 20 workers.
 -> (artifact id: '76f922df91ba793706a230ff1a301fcd') in 0.002521 seconds
Number of updated asset objects reloaded before import = 0
Number of asset objects unloaded after import = 1
========================================================================
Received Import Request.
  Time since last request: 10.326244 seconds.
  path: Assets/Part 3/Sand.mat
  artifactKey: Guid(e11aa27cd09fe1b4e888dcc60d594053) Importer(815301076,1909f56bfc062723c751e8b465ee728b)
Start importing Assets/Part 3/Sand.mat using Guid(e11aa27cd09fe1b4e888dcc60d594053) Importer(815301076,1909f56bfc062723c751e8b465ee728b) [PhysX] Initialized MultithreadedTaskDispatcher with 20 workers.
[PhysX] Initialized MultithreadedTaskDispatcher with 20 workers.
 -> (artifact id: 'ed7dc2f47c2e0037a0d88172503c9ad2') in 0.022908 seconds
Number of updated asset objects reloaded before import = 0
Number of asset objects unloaded after import = 1
========================================================================
Received Import Request.
  Time since last request: 12.077953 seconds.
  path: Assets/Part 3/SandSurface.shader
  artifactKey: Guid(14c86d33784cd774faa27eb1474de961) Importer(815301076,1909f56bfc062723c751e8b465ee728b)
Start importing Assets/Part 3/SandSurface.shader using Guid(14c86d33784cd774faa27eb1474de961) Importer(815301076,1909f56bfc062723c751e8b465ee728b) [PhysX] Initialized MultithreadedTaskDispatcher with 20 workers.
 -> (artifact id: '87392af7677ccdd74613a7703ed63bfa') in 0.001619 seconds
Number of updated asset objects reloaded before import = 0
Number of asset objects unloaded after import = 1
========================================================================
Received Import Request.
  Time since last request: 203.386317 seconds.
  path: Assets/Part 3/istockphoto-681940210-612x612.jpg
  artifactKey: Guid(ee81417387509ea46a7bf38067561a35) Importer(815301076,1909f56bfc062723c751e8b465ee728b)
Start importing Assets/Part 3/istockphoto-681940210-612x612.jpg using Guid(ee81417387509ea46a7bf38067561a35) Importer(815301076,1909f56bfc062723c751e8b465ee728b) [PhysX] Initialized MultithreadedTaskDispatcher with 20 workers.
[PhysX] Initialized MultithreadedTaskDispatcher with 20 workers.
 -> (artifact id: '4250dd5ade9af579dc3709448ceb2cae') in 0.017564 seconds
Number of updated asset objects reloaded before import = 0
Number of asset objects unloaded after import = 2
========================================================================
Received Import Request.
  Time since last request: 21.065589 seconds.
  path: Assets/Part 3/New Project.png
  artifactKey: Guid(aa42aa4d63e99534380dcde743972ca0) Importer(815301076,1909f56bfc062723c751e8b465ee728b)
Start importing Assets/Part 3/New Project.png using Guid(aa42aa4d63e99534380dcde743972ca0) Importer(815301076,1909f56bfc062723c751e8b465ee728b) [PhysX] Initialized MultithreadedTaskDispatcher with 20 workers.
[PhysX] Initialized MultithreadedTaskDispatcher with 20 workers.
 -> (artifact id: '703e5861e47d7d5ffb1c975053bc31f5') in 0.006132 seconds
Number of updated asset objects reloaded before import = 0
Number of asset objects unloaded after import = 2
========================================================================
Received Import Request.
  Time since last request: 15.262909 seconds.
  path: Assets/Part 3/NeutralLUT.png
  artifactKey: Guid(58a12808c6f62b2408d564a18b4c087c) Importer(815301076,1909f56bfc062723c751e8b465ee728b)
Start importing Assets/Part 3/NeutralLUT.png using Guid(58a12808c6f62b2408d564a18b4c087c) Importer(815301076,1909f56bfc062723c751e8b465ee728b) [PhysX] Initialized MultithreadedTaskDispatcher with 20 workers.
[PhysX] Initialized MultithreadedTaskDispatcher with 20 workers.
 -> (artifact id: '7b2e7200c8786d6d7aef0c045aa968f2') in 0.005731 seconds
Number of updated asset objects reloaded before import = 0
Number of asset objects unloaded after import = 2
========================================================================
Received Import Request.
  Time since last request: 63.342275 seconds.
  path: Assets/Part 3/images.jpeg
  artifactKey: Guid(20ac8c58596a699428fb8c0b5c5daf47) Importer(815301076,1909f56bfc062723c751e8b465ee728b)
Start importing Assets/Part 3/images.jpeg using Guid(20ac8c58596a699428fb8c0b5c5daf47) Importer(815301076,1909f56bfc062723c751e8b465ee728b) [PhysX] Initialized MultithreadedTaskDispatcher with 20 workers.
[PhysX] Initialized MultithreadedTaskDispatcher with 20 workers.
 -> (artifact id: '95c27c488ac221447c58891357b11bcc') in 0.019135 seconds
Number of updated asset objects reloaded before import = 0
Number of asset objects unloaded after import = 2
========================================================================
Received Import Request.
  Time since last request: 391.525019 seconds.
  path: Assets/Part 3/Sand.mat
  artifactKey: Guid(e11aa27cd09fe1b4e888dcc60d594053) Importer(815301076,1909f56bfc062723c751e8b465ee728b)
Start importing Assets/Part 3/Sand.mat using Guid(e11aa27cd09fe1b4e888dcc60d594053) Importer(815301076,1909f56bfc062723c751e8b465ee728b) [PhysX] Initialized MultithreadedTaskDispatcher with 20 workers.
[PhysX] Initialized MultithreadedTaskDispatcher with 20 workers.
Shader error in 'Custom/SandSurface': unrecognized identifier 'Input' at 3/SandSurface.shader(57) (on d3d11)

Compiling Subshader: 0, Pass: <Unnamed Pass 0>, Vertex program with <no keywords>
Platform defines: SHADER_API_DESKTOP UNITY_COLORSPACE_GAMMA UNITY_ENABLE_DETAIL_NORMALMAP UNITY_ENABLE_REFLECTION_BUFFERS UNITY_LIGHTMAP_FULL_HDR UNITY_LIGHT_PROBE_PROXY_VOLUME UNITY_PBS_USE_BRDF1 UNITY_SPECCUBE_BLENDING UNITY_SPECCUBE_BOX_PROJECTION UNITY_USE_DITHER_MASK_FOR_ALPHABLENDED_SHADOWS
Disabled keywords: SHADER_API_GLES30 UNITY_ASTC_NORMALMAP_ENCODING UNITY_FRAMEBUFFER_FETCH_AVAILABLE UNITY_HALF_PRECISION_FRAGMENT_SHADER_REGISTERS UNITY_HARDWARE_TIER1 UNITY_HARDWARE_TIER2 UNITY_HARDWARE_TIER3 UNITY_LIGHTMAP_DLDR_ENCODING UNITY_LIGHTMAP_RGBM_ENCODING UNITY_METAL_SHADOWS_USE_POINT_FILTERING UNITY_NO_DXT5nm UNITY_NO_FULL_STANDARD_SHADER UNITY_NO_SCREENSPACE_SHADOWS UNITY_PBS_USE_BRDF2 UNITY_PBS_USE_BRDF3 UNITY_PRETRANSFORM_TO_DISPLAY_ORIENTATION UNITY_UNIFIED_SHADER_PRECISION_MODEL UNITY_VIRTUAL_TEXTURING
Shader error in 'Custom/SandSurface': unrecognized identifier 'Input' at 3/SandSurface.shader(57) (on d3d11)

Compiling Subshader: 0, Pass: <Unnamed Pass 0>, Vertex program with <no keywords>
Platform defines: SHADER_API_DESKTOP UNITY_COLORSPACE_GAMMA UNITY_ENABLE_DETAIL_NORMALMAP UNITY_ENABLE_REFLECTION_BUFFERS UNITY_LIGHTMAP_FULL_HDR UNITY_LIGHT_PROBE_PROXY_VOLUME UNITY_PBS_USE_BRDF1 UNITY_SPECCUBE_BLENDING UNITY_SPECCUBE_BOX_PROJECTION UNITY_USE_DITHER_MASK_FOR_ALPHABLENDED_SHADOWS
Disabled keywords: SHADER_API_GLES30 UNITY_ASTC_NORMALMAP_ENCODING UNITY_FRAMEBUFFER_FETCH_AVAILABLE UNITY_HALF_PRECISION_FRAGMENT_SHADER_REGISTERS UNITY_HARDWARE_TIER1 UNITY_HARDWARE_TIER2 UNITY_HARDWARE_TIER3 UNITY_LIGHTMAP_DLDR_ENCODING UNITY_LIGHTMAP_RGBM_ENCODING UNITY_METAL_SHADOWS_USE_POINT_FILTERING UNITY_NO_DXT5nm UNITY_NO_FULL_STANDARD_SHADER UNITY_NO_SCREENSPACE_SHADOWS UNITY_PBS_USE_BRDF2 UNITY_PBS_USE_BRDF3 UNITY_PRETRANSFORM_TO_DISPLAY_ORIENTATION UNITY_UNIFIED_SHADER_PRECISION_MODEL UNITY_VIRTUAL_TEXTURING
 -> (artifact id: 'f87795f126e2411d87e2fc1d6d8b3901') in 0.052691 seconds
Number of updated asset objects reloaded before import = 0
Number of asset objects unloaded after import = 4
========================================================================
Received Import Request.
  Time since last request: 156.573373 seconds.
  path: Assets/Part 3/Sand.mat
  artifactKey: Guid(e11aa27cd09fe1b4e888dcc60d594053) Importer(815301076,1909f56bfc062723c751e8b465ee728b)
Start importing Assets/Part 3/Sand.mat using Guid(e11aa27cd09fe1b4e888dcc60d594053) Importer(815301076,1909f56bfc062723c751e8b465ee728b) [PhysX] Initialized MultithreadedTaskDispatcher with 20 workers.
[PhysX] Initialized MultithreadedTaskDispatcher with 20 workers.
Shader error in 'Custom/SandSurface': syntax error: unexpected token '{' at 3/SandSurface.shader(58) (on d3d11)

Compiling Subshader: 0, Pass: <Unnamed Pass 0>, Vertex program with <no keywords>
Platform defines: SHADER_API_DESKTOP UNITY_COLORSPACE_GAMMA UNITY_ENABLE_DETAIL_NORMALMAP UNITY_ENABLE_REFLECTION_BUFFERS UNITY_LIGHTMAP_FULL_HDR UNITY_LIGHT_PROBE_PROXY_VOLUME UNITY_PBS_USE_BRDF1 UNITY_SPECCUBE_BLENDING UNITY_SPECCUBE_BOX_PROJECTION UNITY_USE_DITHER_MASK_FOR_ALPHABLENDED_SHADOWS
Disabled keywords: SHADER_API_GLES30 UNITY_ASTC_NORMALMAP_ENCODING UNITY_FRAMEBUFFER_FETCH_AVAILABLE UNITY_HALF_PRECISION_FRAGMENT_SHADER_REGISTERS UNITY_HARDWARE_TIER1 UNITY_HARDWARE_TIER2 UNITY_HARDWARE_TIER3 UNITY_LIGHTMAP_DLDR_ENCODING UNITY_LIGHTMAP_RGBM_ENCODING UNITY_METAL_SHADOWS_USE_POINT_FILTERING UNITY_NO_DXT5nm UNITY_NO_FULL_STANDARD_SHADER UNITY_NO_SCREENSPACE_SHADOWS UNITY_PBS_USE_BRDF2 UNITY_PBS_USE_BRDF3 UNITY_PRETRANSFORM_TO_DISPLAY_ORIENTATION UNITY_UNIFIED_SHADER_PRECISION_MODEL UNITY_VIRTUAL_TEXTURING
Shader error in 'Custom/SandSurface': syntax error: unexpected token '{' at 3/SandSurface.shader(58) (on d3d11)

Compiling Subshader: 0, Pass: <Unnamed Pass 0>, Vertex program with <no keywords>
Platform defines: SHADER_API_DESKTOP UNITY_COLORSPACE_GAMMA UNITY_ENABLE_DETAIL_NORMALMAP UNITY_ENABLE_REFLECTION_BUFFERS UNITY_LIGHTMAP_FULL_HDR UNITY_LIGHT_PROBE_PROXY_VOLUME UNITY_PBS_USE_BRDF1 UNITY_SPECCUBE_BLENDING UNITY_SPECCUBE_BOX_PROJECTION UNITY_USE_DITHER_MASK_FOR_ALPHABLENDED_SHADOWS
Disabled keywords: SHADER_API_GLES30 UNITY_ASTC_NORMALMAP_ENCODING UNITY_FRAMEBUFFER_FETCH_AVAILABLE UNITY_HALF_PRECISION_FRAGMENT_SHADER_REGISTERS UNITY_HARDWARE_TIER1 UNITY_HARDWARE_TIER2 UNITY_HARDWARE_TIER3 UNITY_LIGHTMAP_DLDR_ENCODING UNITY_LIGHTMAP_RGBM_ENCODING UNITY_METAL_SHADOWS_USE_POINT_FILTERING UNITY_NO_DXT5nm UNITY_NO_FULL_STANDARD_SHADER UNITY_NO_SCREENSPACE_SHADOWS UNITY_PBS_USE_BRDF2 UNITY_PBS_USE_BRDF3 UNITY_PRETRANSFORM_TO_DISPLAY_ORIENTATION UNITY_UNIFIED_SHADER_PRECISION_MODEL UNITY_VIRTUAL_TEXTURING
 -> (artifact id: '6a1ddc23060613b89aed8ef59bdd1fa6') in 0.022353 seconds
Number of updated asset objects reloaded before import = 0
Number of asset objects unloaded after import = 4
========================================================================
Received Import Request.
  Time since last request: 29.663417 seconds.
  path: Assets/Part 3/Sand.mat
  artifactKey: Guid(e11aa27cd09fe1b4e888dcc60d594053) Importer(815301076,1909f56bfc062723c751e8b465ee728b)
Start importing Assets/Part 3/Sand.mat using Guid(e11aa27cd09fe1b4e888dcc60d594053) Importer(815301076,1909f56bfc062723c751e8b465ee728b) [PhysX] Initialized MultithreadedTaskDispatcher with 20 workers.
[PhysX] Initialized MultithreadedTaskDispatcher with 20 workers.
 -> (artifact id: '2e6e5078ef099b802160029ff6f34170') in 0.047063 seconds
Number of updated asset objects reloaded before import = 0
Number of asset objects unloaded after import = 4
========================================================================
Received Import Request.
  Time since last request: 223.542415 seconds.
  path: Assets/Part 4/Fun.mat
  artifactKey: Guid(e43b57d53353b0d45bdd464e84788592) Importer(815301076,1909f56bfc062723c751e8b465ee728b)
Start importing Assets/Part 4/Fun.mat using Guid(e43b57d53353b0d45bdd464e84788592) Importer(815301076,1909f56bfc062723c751e8b465ee728b) [PhysX] Initialized MultithreadedTaskDispatcher with 20 workers.
[PhysX] Initialized MultithreadedTaskDispatcher with 20 workers.
 -> (artifact id: 'acc04fa61790bcba2d92da882eb69502') in 0.015804 seconds
Number of updated asset objects reloaded before import = 0
Number of asset objects unloaded after import = 1
========================================================================
Received Import Request.
  Time since last request: 6.657660 seconds.
  path: Assets/Part 4/Fun.shader
  artifactKey: Guid(65bb437349c9dd548a1c6fd85a77867c) Importer(815301076,1909f56bfc062723c751e8b465ee728b)
Start importing Assets/Part 4/Fun.shader using Guid(65bb437349c9dd548a1c6fd85a77867c) Importer(815301076,1909f56bfc062723c751e8b465ee728b) [PhysX] Initialized MultithreadedTaskDispatcher with 20 workers.
 -> (artifact id: 'c0c5e7d4d9430df2aed559929db514d7') in 0.001889 seconds
Number of updated asset objects reloaded before import = 0
Number of asset objects unloaded after import = 1
========================================================================
Received Import Request.
  Time since last request: 36.603805 seconds.
  path: ProjectSettings/TagManager.asset
  artifactKey: Guid(00000000000000003000000000000000) Importer(815301076,1909f56bfc062723c751e8b465ee728b)
Start importing ProjectSettings/TagManager.asset using Guid(00000000000000003000000000000000) Importer(815301076,1909f56bfc062723c751e8b465ee728b) [PhysX] Initialized MultithreadedTaskDispatcher with 20 workers.
 -> (artifact id: 'a2ed4f3eafcc2bc862c440eaeb831565') in 0.001139 seconds
Number of updated asset objects reloaded before import = 0
Number of asset objects unloaded after import = 0
========================================================================
Received Import Request.
  Time since last request: 67.558524 seconds.
  path: Assets/Part 4/Blue_Ice_001_COLOR.jpg
  artifactKey: Guid(16d81c214cca7364abd74f58ba386b8f) Importer(815301076,1909f56bfc062723c751e8b465ee728b)
Start importing Assets/Part 4/Blue_Ice_001_COLOR.jpg using Guid(16d81c214cca7364abd74f58ba386b8f) Importer(815301076,1909f56bfc062723c751e8b465ee728b) [PhysX] Initialized MultithreadedTaskDispatcher with 20 workers.
[PhysX] Initialized MultithreadedTaskDispatcher with 20 workers.
 -> (artifact id: '4c6763911c9731aee00af3edf00ddcbd') in 0.019491 seconds
Number of updated asset objects reloaded before import = 0
Number of asset objects unloaded after import = 2
========================================================================
Received Import Request.
  Time since last request: 4.984794 seconds.
  path: Assets/Part 4/Materials
  artifactKey: Guid(70bf3840f9cd3324996dcfc95920c34f) Importer(815301076,1909f56bfc062723c751e8b465ee728b)
Start importing Assets/Part 4/Materials using Guid(70bf3840f9cd3324996dcfc95920c34f) Importer(815301076,1909f56bfc062723c751e8b465ee728b) [PhysX] Initialized MultithreadedTaskDispatcher with 20 workers.
 -> (artifact id: '1c7f89ad6100c35183189ad3efbb542c') in 0.000712 seconds
Number of updated asset objects reloaded before import = 0
Number of asset objects unloaded after import = 0
========================================================================
Received Import Request.
  Time since last request: 0.081842 seconds.
  path: Assets/Part 4/Materials/Blue_Ice_001_COLOR.mat
  artifactKey: Guid(bc967465d0352f743984fa1632651802) Importer(815301076,1909f56bfc062723c751e8b465ee728b)
Start importing Assets/Part 4/Materials/Blue_Ice_001_COLOR.mat using Guid(bc967465d0352f743984fa1632651802) Importer(815301076,1909f56bfc062723c751e8b465ee728b) [PhysX] Initialized MultithreadedTaskDispatcher with 20 workers.
[PhysX] Initialized MultithreadedTaskDispatcher with 20 workers.
 -> (artifact id: '0f56ddfe03d355189a8616049495ba42') in 0.021984 seconds
Number of updated asset objects reloaded before import = 0
Number of asset objects unloaded after import = 2
========================================================================
Received Import Request.
  Time since last request: 8.068246 seconds.
  path: Assets/Part 4/Fun.shader
  artifactKey: Guid(65bb437349c9dd548a1c6fd85a77867c) Importer(815301076,1909f56bfc062723c751e8b465ee728b)
Start importing Assets/Part 4/Fun.shader using Guid(65bb437349c9dd548a1c6fd85a77867c) Importer(815301076,1909f56bfc062723c751e8b465ee728b) [PhysX] Initialized MultithreadedTaskDispatcher with 20 workers.
 -> (artifact id: 'c4cf083c28ee7e56dfbc785d8d80d24e') in 0.001896 seconds
Number of updated asset objects reloaded before import = 0
Number of asset objects unloaded after import = 1
========================================================================
Received Import Request.
  Time since last request: 72.889657 seconds.
  path: Assets/Part 4/Blue_Ice_001_NORM.jpg
  artifactKey: Guid(60524dc5527a58a4fae87780261818cb) Importer(815301076,1909f56bfc062723c751e8b465ee728b)
Start importing Assets/Part 4/Blue_Ice_001_NORM.jpg using Guid(60524dc5527a58a4fae87780261818cb) Importer(815301076,1909f56bfc062723c751e8b465ee728b) [PhysX] Initialized MultithreadedTaskDispatcher with 20 workers.
[PhysX] Initialized MultithreadedTaskDispatcher with 20 workers.
 -> (artifact id: 'f1e57fb0e51ead096c8026c9ff9fa96c') in 0.023084 seconds
Number of updated asset objects reloaded before import = 0
Number of asset objects unloaded after import = 2
========================================================================
Received Import Request.
  Time since last request: 100.616497 seconds.
  path: Assets/Part 4/Fun.mat
  artifactKey: Guid(e43b57d53353b0d45bdd464e84788592) Importer(815301076,1909f56bfc062723c751e8b465ee728b)
Start importing Assets/Part 4/Fun.mat using Guid(e43b57d53353b0d45bdd464e84788592) Importer(815301076,1909f56bfc062723c751e8b465ee728b) [PhysX] Initialized MultithreadedTaskDispatcher with 20 workers.
[PhysX] Initialized MultithreadedTaskDispatcher with 20 workers.
 -> (artifact id: '33a9d4d96a86a142344e34d3a445f5b7') in 0.111371 seconds
Number of updated asset objects reloaded before import = 0
Number of asset objects unloaded after import = 3
